0 info it worked if it ends with ok
1 verbose cli [ '/Users/pats/.nvm/versions/node/v6.2.1/bin/node',
1 verbose cli   '/Users/pats/.nvm/versions/node/v6.2.1/bin/npm',
1 verbose cli   'run',
1 verbose cli   'build-css' ]
2 info using npm@3.9.3
3 info using node@v6.2.1
4 verbose run-script [ 'prebuild-css', 'build-css', 'postbuild-css' ]
5 info lifecycle trip-planner-static-start@1.0.0~prebuild-css: trip-planner-static-start@1.0.0
6 silly lifecycle trip-planner-static-start@1.0.0~prebuild-css: no script for prebuild-css, continuing
7 info lifecycle trip-planner-static-start@1.0.0~build-css: trip-planner-static-start@1.0.0
8 verbose lifecycle trip-planner-static-start@1.0.0~build-css: unsafe-perm in lifecycle true
9 verbose lifecycle trip-planner-static-start@1.0.0~build-css: PATH: /Users/pats/.nvm/versions/node/v6.2.1/lib/node_modules/npm/bin/node-gyp-bin:/Users/pats/FullStack/workshops/16-trip-planner-static/trip-planner-static-start/node_modules/.bin:/Users/pats/.nvm/versions/node/v6.2.1/bin:/Applications/Postgres.app/Contents/Versions/latest/bin:/Library/Frameworks/Python.framework/Versions/2.7/bin:/Library/Frameworks/Python.framework/Versions/Current/bin:/Library/Frameworks/Python.framework/Versions/2.7/bin:/Library/Frameworks/Python.framework/Versions/2.7/bin:/Users/pats/.nvm/versions/node/v6.2.1/bin:/usr/bin:/bin:/usr/sbin:/sbin:/usr/local/bin:/usr/local/git/bin:/usr/local/MacGPG2/bin
10 verbose lifecycle trip-planner-static-start@1.0.0~build-css: CWD: /Users/pats/FullStack/workshops/16-trip-planner-static/trip-planner-static-start
11 silly lifecycle trip-planner-static-start@1.0.0~build-css: Args: [ '-c',
11 silly lifecycle   'node-sass -w -r assets/stylesheets -o public/stylesheets' ]
12 silly lifecycle trip-planner-static-start@1.0.0~build-css: Returned: code: 1  signal: null
13 info lifecycle trip-planner-static-start@1.0.0~build-css: Failed to exec build-css script
14 verbose stack Error: trip-planner-static-start@1.0.0 build-css: `node-sass -w -r assets/stylesheets -o public/stylesheets`
14 verbose stack Exit status 1
14 verbose stack     at EventEmitter.<anonymous> (/Users/pats/.nvm/versions/node/v6.2.1/lib/node_modules/npm/lib/utils/lifecycle.js:245:16)
14 verbose stack     at emitTwo (events.js:106:13)
14 verbose stack     at EventEmitter.emit (events.js:191:7)
14 verbose stack     at ChildProcess.<anonymous> (/Users/pats/.nvm/versions/node/v6.2.1/lib/node_modules/npm/lib/utils/spawn.js:24:14)
14 verbose stack     at emitTwo (events.js:106:13)
14 verbose stack     at ChildProcess.emit (events.js:191:7)
14 verbose stack     at maybeClose (internal/child_process.js:852:16)
14 verbose stack     at Process.ChildProcess._handle.onexit (internal/child_process.js:215:5)
15 verbose pkgid trip-planner-static-start@1.0.0
16 verbose cwd /Users/pats/FullStack/workshops/16-trip-planner-static/trip-planner-static-start
17 error Darwin 15.4.0
18 error argv "/Users/pats/.nvm/versions/node/v6.2.1/bin/node" "/Users/pats/.nvm/versions/node/v6.2.1/bin/npm" "run" "build-css"
19 error node v6.2.1
20 error npm  v3.9.3
21 error code ELIFECYCLE
22 error trip-planner-static-start@1.0.0 build-css: `node-sass -w -r assets/stylesheets -o public/stylesheets`
22 error Exit status 1
23 error Failed at the trip-planner-static-start@1.0.0 build-css script 'node-sass -w -r assets/stylesheets -o public/stylesheets'.
23 error Make sure you have the latest version of node.js and npm installed.
23 error If you do, this is most likely a problem with the trip-planner-static-start package,
23 error not with npm itself.
23 error Tell the author that this fails on your system:
23 error     node-sass -w -r assets/stylesheets -o public/stylesheets
23 error You can get information on how to open an issue for this project with:
23 error     npm bugs trip-planner-static-start
23 error Or if that isn't available, you can get their info via:
23 error     npm owner ls trip-planner-static-start
23 error There is likely additional logging output above.
24 verbose exit [ 1, true ]
